#
# There is insufficient memory for the Java Runtime Environment to continue.
# Native memory allocation (malloc) failed to allocate 1780784 bytes for Chunk::new
# Possible reasons:
#   The system is out of physical RAM or swap space
#   The process is running with CompressedOops enabled, and the Java Heap may be blocking the growth of the native heap
# Possible solutions:
#   Reduce memory load on the system
#   Increase physical memory or swap space
#   Check if swap backing store is full
#   Decrease Java heap size (-Xmx/-Xms)
#   Decrease number of Java threads
#   Decrease Java thread stack sizes (-Xss)
#   Set larger code cache with -XX:ReservedCodeCacheSize=
#   JVM is running with Unscaled Compressed Oops mode in which the Java heap is
#     placed in the first 4GB address space. The Java Heap base address is the
#     maximum limit for the native heap growth. Please use -XX:HeapBaseMinAddress
#     to set the Java Heap base and to place the Java Heap above 4GB virtual address.
# This output file may be truncated or incomplete.
#
#  Out of Memory Error (arena.cpp:189), pid=11480, tid=13608
#
# JRE version: OpenJDK Runtime Environment (17.0.1+12) (build 17.0.1+12-39)
# Java VM: OpenJDK 64-Bit Server VM (17.0.1+12-39, mixed mode, sharing, tiered, compressed oops, compressed class ptrs, g1 gc, windows-amd64)
# No core dump will be written. Minidumps are not enabled by default on client versions of Windows
#

---------------  S U M M A R Y ------------

Command Line: -javaagent:C:\Program Files\JetBrains\IntelliJ IDEA Community Edition 2021.2.3\lib\idea_rt.jar=50301:C:\Program Files\JetBrains\IntelliJ IDEA Community Edition 2021.2.3\bin -Dfile.encoding=UTF-8 com.sakshi.ToDoListApplication.ToDoListApplication

Host: Intel(R) Core(TM) i3-6006U CPU @ 2.00GHz, 4 cores, 3G,  Windows 10 , 64 bit Build 19041 (10.0.19041.1466)
Time: Fri Feb 11 21:39:02 2022 India Standard Time elapsed time: 13.772889 seconds (0d 0h 0m 13s)

---------------  T H R E A D  ---------------

Current thread (0x000001dc87a91fb0):  JavaThread "C2 CompilerThread0" daemon [_thread_in_native, id=13608, stack(0x0000004509000000,0x0000004509100000)]


Current CompileTask:
C2:  13773 2959       4       org.springframework.beans.factory.support.AbstractBeanFactory::isFactoryBean (65 bytes)

Stack: [0x0000004509000000,0x0000004509100000]
Native frames: (J=compiled Java code, j=interpreted, Vv=VM code, C=native code)
V  [jvm.dll+0x66fa1a]
V  [jvm.dll+0x7ce5a4]
V  [jvm.dll+0x7cfd4e]
V  [jvm.dll+0x7d03b3]
V  [jvm.dll+0x242b05]
V  [jvm.dll+0xaa05b]
V  [jvm.dll+0xaa5ec]
V  [jvm.dll+0x35fa07]
V  [jvm.dll+0x329f51]
V  [jvm.dll+0x3293fa]
V  [jvm.dll+0x215bf1]
V  [jvm.dll+0x215011]
V  [jvm.dll+0x1a168d]
V  [jvm.dll+0x224848]
V  [jvm.dll+0x2229ac]
V  [jvm.dll+0x78435b]
V  [jvm.dll+0x77e91a]
V  [jvm.dll+0x66e845]
C  [ucrtbase.dll+0x21bb2]
C  [KERNEL32.DLL+0x17034]
C  [ntdll.dll+0x52651]


---------------  P R O C E S S  ---------------

Threads class SMR info:
_java_thread_list=0x000001dca4a86da0, length=15, elements={
0x000001dc879c5190, 0x000001dc87a7a8f0, 0x000001dc87a7b760, 0x000001dc87a8b650,
0x000001dc87a8d210, 0x000001dc87a8fcd0, 0x000001dc87a913c0, 0x000001dc87a91fb0,
0x000001dca2a25f60, 0x000001dc87a98770, 0x000001dca3418050, 0x000001dca35a7970,
0x000001dca35a8240, 0x000001dca4168590, 0x000001dca4168ee0
}

Java Threads: ( => current thread )
  0x000001dc879c5190 JavaThread "main" [_thread_blocked, id=4464, stack(0x0000004508300000,0x0000004508400000)]
  0x000001dc87a7a8f0 JavaThread "Reference Handler" daemon [_thread_blocked, id=7196, stack(0x0000004508a00000,0x0000004508b00000)]
  0x000001dc87a7b760 JavaThread "Finalizer" daemon [_thread_blocked, id=10564, stack(0x0000004508b00000,0x0000004508c00000)]
  0x000001dc87a8b650 JavaThread "Signal Dispatcher" daemon [_thread_blocked, id=13068, stack(0x0000004508c00000,0x0000004508d00000)]
  0x000001dc87a8d210 JavaThread "Attach Listener" daemon [_thread_blocked, id=10160, stack(0x0000004508d00000,0x0000004508e00000)]
  0x000001dc87a8fcd0 JavaThread "Service Thread" daemon [_thread_blocked, id=13652, stack(0x0000004508e00000,0x0000004508f00000)]
  0x000001dc87a913c0 JavaThread "Monitor Deflation Thread" daemon [_thread_blocked, id=7496, stack(0x0000004508f00000,0x0000004509000000)]
=>0x000001dc87a91fb0 JavaThread "C2 CompilerThread0" daemon [_thread_in_native, id=13608, stack(0x0000004509000000,0x0000004509100000)]
  0x000001dca2a25f60 JavaThread "C1 CompilerThread0" daemon [_thread_blocked, id=7892, stack(0x0000004509100000,0x0000004509200000)]
  0x000001dc87a98770 JavaThread "Sweeper thread" daemon [_thread_blocked, id=14292, stack(0x0000004509200000,0x0000004509300000)]
  0x000001dca3418050 JavaThread "Common-Cleaner" daemon [_thread_blocked, id=12468, stack(0x0000004509300000,0x0000004509400000)]
  0x000001dca35a7970 JavaThread "Monitor Ctrl-Break" daemon [_thread_in_native, id=11664, stack(0x0000004509400000,0x0000004509500000)]
  0x000001dca35a8240 JavaThread "Notification Thread" daemon [_thread_blocked, id=3336, stack(0x0000004509500000,0x0000004509600000)]
  0x000001dca4168590 JavaThread "Thread-0" [_thread_blocked, id=12844, stack(0x0000004509b00000,0x0000004509c00000)]
  0x000001dca4168ee0 JavaThread "restartedMain" [_thread_in_vm, id=8708, stack(0x0000004509c00000,0x0000004509d00000)]

Other Threads:
  0x000001dc87a73ce0 VMThread "VM Thread" [stack: 0x0000004508900000,0x0000004508a00000] [id=9092]
  0x000001dc87a7edd0 WatcherThread [stack: 0x0000004509600000,0x0000004509700000] [id=8820]
  0x000001dc879f26d0 GCTaskThread "GC Thread#0" [stack: 0x0000004508400000,0x0000004508500000] [id=4432]
  0x000001dca3a36770 GCTaskThread "GC Thread#1" [stack: 0x0000004509700000,0x0000004509800000] [id=1176]
  0x000001dca3cca450 GCTaskThread "GC Thread#2" [stack: 0x0000004509800000,0x0000004509900000] [id=1996]
  0x000001dca38ed6d0 GCTaskThread "GC Thread#3" [stack: 0x0000004509900000,0x0000004509a00000] [id=11556]
  0x000001dc879faf10 ConcurrentGCThread "G1 Main Marker" [stack: 0x0000004508500000,0x0000004508600000] [id=8552]
  0x000001dc879fc0c0 ConcurrentGCThread "G1 Conc#0" [stack: 0x0000004508600000,0x0000004508700000] [id=9768]
  0x000001dc87a3d550 ConcurrentGCThread "G1 Refine#0" [stack: 0x0000004508700000,0x0000004508800000] [id=7260]
  0x000001dca3cca700 ConcurrentGCThread "G1 Refine#1" [stack: 0x0000004509a00000,0x0000004509b00000] [id=13984]
  0x000001dc87a3df70 ConcurrentGCThread "G1 Service" [stack: 0x0000004508800000,0x0000004508900000] [id=12260]

Threads with active compile tasks:
C2 CompilerThread0    14099 2959       4       org.springframework.beans.factory.support.AbstractBeanFactory::isFactoryBean (65 bytes)

VM state: not at safepoint (normal execution)

VM Mutex/Monitor currently owned by a thread: None

Heap address: 0x00000000c3800000, size: 968 MB, Compressed Oops mode: 32-bit

CDS archive(s) mapped at: [0x0000000800000000-0x0000000800bc0000-0x0000000800bc0000), size 12320768, SharedBaseAddress: 0x0000000800000000, ArchiveRelocationMode: 0.
Compressed class space mapped at: 0x0000000800c00000-0x0000000840c00000, reserved size: 1073741824
Narrow klass base: 0x0000000800000000, Narrow klass shift: 0, Narrow klass range: 0x100000000

GC Precious Log:
 CPUs: 4 total, 4 available
 Memory: 3865M
 Large Page Support: Disabled
 NUMA Support: Disabled
 Compressed Oops: Enabled (32-bit)
 Heap Region Size: 1M
 Heap Min Capacity: 8M
 Heap Initial Capacity: 62M
 Heap Max Capacity: 968M
 Pre-touch: Disabled
 Parallel Workers: 4
 Concurrent Workers: 1
 Concurrent Refinement Workers: 4
 Periodic GC: Disabled

Heap:
 garbage-first heap   total 48128K, used 14347K [0x00000000c3800000, 0x0000000100000000)
  region size 1024K, 6 young (6144K), 3 survivors (3072K)
 Metaspace       used 21715K, committed 22016K, reserved 1073152K
  class space    used 2742K, committed 2880K, reserved 1048576K

Heap Regions: E=young(eden), S=young(survivor), O=old, HS=humongous(starts), HC=humongous(continues), CS=collection set, F=free, OA=open archive, CA=closed archive, TAMS=top-at-mark-start (previous, next)
|   0|0x00000000c3800000, 0x00000000c3900000, 0x00000000c3900000|100%|HS|  |TAMS 0x00000000c3900000, 0x00000000c3800000| Complete 
|   1|0x00000000c3900000, 0x00000000c3a00000, 0x00000000c3a00000|100%| O|  |TAMS 0x00000000c3a00000, 0x00000000c3900000| Untracked 
|   2|0x00000000c3a00000, 0x00000000c3b00000, 0x00000000c3b00000|100%| O|  |TAMS 0x00000000c3b00000, 0x00000000c3a00000| Untracked 
|   3|0x00000000c3b00000, 0x00000000c3c00000, 0x00000000c3c00000|100%| O|  |TAMS 0x00000000c3c00000, 0x00000000c3b00000| Untracked 
|   4|0x00000000c3c00000, 0x00000000c3d00000, 0x00000000c3d00000|100%| O|  |TAMS 0x00000000c3d00000, 0x00000000c3c00000| Untracked 
|   5|0x00000000c3d00000, 0x00000000c3e00000, 0x00000000c3e00000|100%| O|  |TAMS 0x00000000c3e00000, 0x00000000c3d00000| Untracked 
|   6|0x00000000c3e00000, 0x00000000c3f00000, 0x00000000c3f00000|100%| O|  |TAMS 0x00000000c3f00000, 0x00000000c3e00000| Untracked 
|   7|0x00000000c3f00000, 0x00000000c4000000, 0x00000000c4000000|100%| O|  |TAMS 0x00000000c3f81800, 0x00000000c3f00000| Untracked 
|   8|0x00000000c4000000, 0x00000000c4100000, 0x00000000c4100000|100%| O|  |TAMS 0x00000000c4000000, 0x00000000c4000000| Untracked 
|   9|0x00000000c4100000, 0x00000000c4146000, 0x00000000c4200000| 27%| O|  |TAMS 0x00000000c4100000, 0x00000000c4100000| Complete 
|  10|0x00000000c4200000, 0x00000000c4200000, 0x00000000c4300000|  0%| F|  |TAMS 0x00000000c4200000, 0x00000000c4200000| Untracked 
|  11|0x00000000c4300000, 0x00000000c4300000, 0x00000000c4400000|  0%| F|  |TAMS 0x00000000c4300000, 0x00000000c4300000| Untracked 
|  12|0x00000000c4400000, 0x00000000c4400000, 0x00000000c4500000|  0%| F|  |TAMS 0x00000000c4400000, 0x00000000c4400000| Untracked 
|  13|0x00000000c4500000, 0x00000000c4500000, 0x00000000c4600000|  0%| F|  |TAMS 0x00000000c4500000, 0x00000000c4500000| Untracked 
|  14|0x00000000c4600000, 0x00000000c4600000, 0x00000000c4700000|  0%| F|  |TAMS 0x00000000c4600000, 0x00000000c4600000| Untracked 
|  15|0x00000000c4700000, 0x00000000c4700000, 0x00000000c4800000|  0%| F|  |TAMS 0x00000000c4700000, 0x00000000c4700000| Untracked 
|  16|0x00000000c4800000, 0x00000000c4800000, 0x00000000c4900000|  0%| F|  |TAMS 0x00000000c4800000, 0x00000000c4800000| Untracked 
|  17|0x00000000c4900000, 0x00000000c4900000, 0x00000000c4a00000|  0%| F|  |TAMS 0x00000000c4900000, 0x00000000c4900000| Untracked 
|  18|0x00000000c4a00000, 0x00000000c4a00000, 0x00000000c4b00000|  0%| F|  |TAMS 0x00000000c4a00000, 0x00000000c4a00000| Untracked 
|  19|0x00000000c4b00000, 0x00000000c4b00000, 0x00000000c4c00000|  0%| F|  |TAMS 0x00000000c4b00000, 0x00000000c4b00000| Untracked 
|  20|0x00000000c4c00000, 0x00000000c4c00000, 0x00000000c4d00000|  0%| F|  |TAMS 0x00000000c4c00000, 0x00000000c4c00000| Untracked 
|  21|0x00000000c4d00000, 0x00000000c4d00000, 0x00000000c4e00000|  0%| F|  |TAMS 0x00000000c4d00000, 0x00000000c4d00000| Untracked 
|  22|0x00000000c4e00000, 0x00000000c4e00000, 0x00000000c4f00000|  0%| F|  |TAMS 0x00000000c4e00000, 0x00000000c4e00000| Untracked 
|  23|0x00000000c4f00000, 0x00000000c4f00000, 0x00000000c5000000|  0%| F|  |TAMS 0x00000000c4f00000, 0x00000000c4f00000| Untracked 
|  24|0x00000000c5000000, 0x00000000c5000000, 0x00000000c5100000|  0%| F|  |TAMS 0x00000000c5000000, 0x00000000c5000000| Untracked 
|  25|0x00000000c5100000, 0x00000000c5100000, 0x00000000c5200000|  0%| F|  |TAMS 0x00000000c5100000, 0x00000000c5100000| Untracked 
|  26|0x00000000c5200000, 0x00000000c5200000, 0x00000000c5300000|  0%| F|  |TAMS 0x00000000c5200000, 0x00000000c5200000| Untracked 
|  27|0x00000000c5300000, 0x00000000c5300000, 0x00000000c5400000|  0%| F|  |TAMS 0x00000000c5300000, 0x00000000c5300000| Untracked 
|  28|0x00000000c5400000, 0x00000000c5400000, 0x00000000c5500000|  0%| F|  |TAMS 0x00000000c5400000, 0x00000000c5400000| Untracked 
|  29|0x00000000c5500000, 0x00000000c5500000, 0x00000000c5600000|  0%| F|  |TAMS 0x00000000c5500000, 0x00000000c5500000| Untracked 
|  30|0x00000000c5600000, 0x00000000c5600000, 0x00000000c5700000|  0%| F|  |TAMS 0x00000000c5600000, 0x00000000c5600000| Untracked 
|  31|0x00000000c5700000, 0x00000000c5700000, 0x00000000c5800000|  0%| F|  |TAMS 0x00000000c5700000, 0x00000000c5700000| Untracked 
|  32|0x00000000c5800000, 0x00000000c5800000, 0x00000000c5900000|  0%| F|  |TAMS 0x00000000c5800000, 0x00000000c5800000| Untracked 
|  33|0x00000000c5900000, 0x00000000c5900000, 0x00000000c5a00000|  0%| F|  |TAMS 0x00000000c5900000, 0x00000000c5900000| Untracked 
|  34|0x00000000c5a00000, 0x00000000c5a00000, 0x00000000c5b00000|  0%| F|  |TAMS 0x00000000c5a00000, 0x00000000c5a00000| Untracked 
|  35|0x00000000c5b00000, 0x00000000c5b00000, 0x00000000c5c00000|  0%| F|  |TAMS 0x00000000c5b00000, 0x00000000c5b00000| Untracked 
|  36|0x00000000c5c00000, 0x00000000c5c00000, 0x00000000c5d00000|  0%| F|  |TAMS 0x00000000c5c00000, 0x00000000c5c00000| Untracked 
|  37|0x00000000c5d00000, 0x00000000c5d00000, 0x00000000c5e00000|  0%| F|  |TAMS 0x00000000c5d00000, 0x00000000c5d00000| Untracked 
|  38|0x00000000c5e00000, 0x00000000c5e00000, 0x00000000c5f00000|  0%| F|  |TAMS 0x00000000c5e00000, 0x00000000c5e00000| Untracked 
|  39|0x00000000c5f00000, 0x00000000c5f00000, 0x00000000c6000000|  0%| F|  |TAMS 0x00000000c5f00000, 0x00000000c5f00000| Untracked 
|  40|0x00000000c6000000, 0x00000000c6000000, 0x00000000c6100000|  0%| F|  |TAMS 0x00000000c6000000, 0x00000000c6000000| Untracked 
|  41|0x00000000c6100000, 0x00000000c6200000, 0x00000000c6200000|100%| E|  |TAMS 0x00000000c6100000, 0x00000000c6100000| Complete 
|  42|0x00000000c6200000, 0x00000000c6300000, 0x00000000c6300000|100%| E|CS|TAMS 0x00000000c6200000, 0x00000000c6200000| Complete 
|  58|0x00000000c7200000, 0x00000000c72bcc00, 0x00000000c7300000| 73%| S|CS|TAMS 0x00000000c7200000, 0x00000000c7200000| Complete 
|  59|0x00000000c7300000, 0x00000000c7400000, 0x00000000c7400000|100%| S|CS|TAMS 0x00000000c7300000, 0x00000000c7300000| Complete 
|  60|0x00000000c7400000, 0x00000000c7500000, 0x00000000c7500000|100%| S|CS|TAMS 0x00000000c7400000, 0x00000000c7400000| Complete 
|  61|0x00000000c7500000, 0x00000000c7600000, 0x00000000c7600000|100%| E|CS|TAMS 0x00000000c7500000, 0x00000000c7500000| Complete 

Card table byte_map: [0x000001dc9e3b0000,0x000001dc9e5a0000] _byte_map_base: 0x000001dc9dd94000

Marking Bits (Prev, Next): (CMBitMap*) 0x000001dc879f2d20, (CMBitMap*) 0x000001dc879f2ce0
 Prev Bits: [0x000001dc9f6b0000, 0x000001dca05d0000)
 Next Bits: [0x000001dc9e790000, 0x000001dc9f6b0000)

Polling page: 0x000001dc859d0000

Metaspace:

Usage:
  Non-class:     18.53 MB used.
      Class:      2.68 MB used.
       Both:     21.22 MB used.

Virtual space:
  Non-class space:       24.00 MB reserved,      18.69 MB ( 78%) committed,  3 nodes.
      Class space:        1.00 GB reserved,       2.81 MB ( <1%) committed,  1 nodes.
             Both:        1.02 GB reserved,      21.50 MB (  2%) committed. 

Chunk freelists:
   Non-Class:  1.00 MB
       Class:  1.20 MB
        Both:  2.20 MB

MaxMetaspaceSize: unlimited
CompressedClassSpaceSize: 1.00 GB
Initial GC threshold: 21.00 MB
Current GC threshold: 35.12 MB
CDS: on
MetaspaceReclaimPolicy: balanced
 - commit_granule_bytes: 65536.
 - commit_granule_words: 8192.
 - virtual_space_node_default_size: 1048576.
 - enlarge_chunks_in_place: 1.
 - new_chunks_are_fully_committed: 0.
 - uncommit_free_chunks: 1.
 - use_allocation_guard: 0.
 - handle_deallocations: 1.


Internal statistics:

num_allocs_failed_limit: 3.
num_arena_births: 252.
num_arena_deaths: 0.
num_vsnodes_births: 4.
num_vsnodes_deaths: 0.
num_space_committed: 344.
num_space_uncommitted: 0.
num_chunks_returned_to_freelist: 3.
num_chunks_taken_from_freelist: 1033.
num_chunk_merges: 3.
num_chunk_splits: 683.
num_chunks_enlarged: 504.
num_purges: 0.
num_inconsistent_stats: 0.

CodeHeap 'non-profiled nmethods': size=120000Kb used=1218Kb max_used=1218Kb free=118781Kb
 bounds [0x000001dc96c90000, 0x000001dc96f00000, 0x000001dc9e1c0000]
CodeHeap 'profiled nmethods': size=120000Kb used=6700Kb max_used=6700Kb free=113299Kb
 bounds [0x000001dc8f760000, 0x000001dc8fdf0000, 0x000001dc96c90000]
CodeHeap 'non-nmethods': size=5760Kb used=1179Kb max_used=1230Kb free=4580Kb
 bounds [0x000001dc8f1c0000, 0x000001dc8f430000, 0x000001dc8f760000]
 total_blobs=3570 nmethods=3100 adapters=381
 compilation: enabled
              stopped_count=0, restarted_count=0
 full_count=0

Compilation events (20 events):
Event: 13.556 Thread 0x000001dca2a25f60 nmethod 3045 0x000001dc96dbe110 code [0x000001dc96dbe2a0, 0x000001dc96dbe358]
Event: 13.557 Thread 0x000001dca2a25f60 3047       3       java.util.TimSort::sort (229 bytes)
Event: 13.558 Thread 0x000001dca2a25f60 nmethod 3047 0x000001dc8fdbb290 code [0x000001dc8fdbb4e0, 0x000001dc8fdbbbf8]
Event: 13.558 Thread 0x000001dca2a25f60 3048       3       java.util.TreeMap$PrivateEntryIterator::hasNext (13 bytes)
Event: 13.558 Thread 0x000001dca2a25f60 nmethod 3048 0x000001dc8fdbbf90 code [0x000001dc8fdbc120, 0x000001dc8fdbc298]
Event: 13.560 Thread 0x000001dca2a25f60 3049       3       com.sun.beans.util.Cache$Kind$Soft::getReferent (5 bytes)
Event: 13.561 Thread 0x000001dca2a25f60 nmethod 3049 0x000001dc8fdbc310 code [0x000001dc8fdbc4a0, 0x000001dc8fdbc668]
Event: 13.608 Thread 0x000001dca2a25f60 3051   !   3       org.springframework.util.ClassUtils::getDefaultClassLoader (37 bytes)
Event: 13.611 Thread 0x000001dca2a25f60 nmethod 3051 0x000001dc8fdbc710 code [0x000001dc8fdbca00, 0x000001dc8fdbdd78]
Event: 13.625 Thread 0x000001dca2a25f60 3052       3       java.lang.WeakPairMap$Pair$Lookup::hashCode (12 bytes)
Event: 13.625 Thread 0x000001dca2a25f60 nmethod 3052 0x000001dc8fdbe390 code [0x000001dc8fdbe540, 0x000001dc8fdbe718]
Event: 13.638 Thread 0x000001dca2a25f60 3053       3       jdk.internal.misc.InnocuousThread::eraseThreadLocals (23 bytes)
Event: 13.638 Thread 0x000001dca2a25f60 nmethod 3053 0x000001dc8fdbe810 code [0x000001dc8fdbe9a0, 0x000001dc8fdbeb98]
Event: 13.642 Thread 0x000001dca2a25f60 3055       3       jdk.internal.org.objectweb.asm.Frame::addInitializedType (77 bytes)
Event: 13.643 Thread 0x000001dca2a25f60 nmethod 3055 0x000001dc8fdbec10 code [0x000001dc8fdbede0, 0x000001dc8fdbf308]
Event: 13.729 Thread 0x000001dca2a25f60 3056       1       org.springframework.core.convert.TypeDescriptor::getType (5 bytes)
Event: 13.729 Thread 0x000001dca2a25f60 nmethod 3056 0x000001dc96dbe810 code [0x000001dc96dbe9a0, 0x000001dc96dbea78]
Event: 13.729 Thread 0x000001dca2a25f60 3057       3       org.springframework.beans.support.ResourceEditorRegistrar::doRegisterEditor (28 bytes)
Event: 13.730 Thread 0x000001dca2a25f60 nmethod 3057 0x000001dc8fdbf490 code [0x000001dc8fdbf6a0, 0x000001dc8fdbfff8]
Event: 13.730 Thread 0x000001dca2a25f60 3059   !   3       org.springframework.beans.factory.support.DefaultListableBeanFactory::doGetBeanNamesForType (511 bytes)

GC Heap History (16 events):
Event: 3.841 GC heap before
{Heap before GC invocations=0 (full 0):
 garbage-first heap   total 63488K, used 13312K [0x00000000c3800000, 0x0000000100000000)
  region size 1024K, 13 young (13312K), 0 survivors (0K)
 Metaspace       used 2683K, committed 2880K, reserved 1056768K
  class space    used 255K, committed 384K, reserved 1048576K
}
Event: 3.855 GC heap after
{Heap after GC invocations=1 (full 0):
 garbage-first heap   total 63488K, used 5834K [0x00000000c3800000, 0x0000000100000000)
  region size 1024K, 2 young (2048K), 2 survivors (2048K)
 Metaspace       used 2683K, committed 2880K, reserved 1056768K
  class space    used 255K, committed 384K, reserved 1048576K
}
Event: 4.571 GC heap before
{Heap before GC invocations=1 (full 0):
 garbage-first heap   total 63488K, used 14026K [0x00000000c3800000, 0x0000000100000000)
  region size 1024K, 11 young (11264K), 2 survivors (2048K)
 Metaspace       used 4396K, committed 4608K, reserved 1056768K
  class space    used 472K, committed 576K, reserved 1048576K
}
Event: 4.586 GC heap after
{Heap after GC invocations=2 (full 0):
 garbage-first heap   total 63488K, used 6471K [0x00000000c3800000, 0x0000000100000000)
  region size 1024K, 1 young (1024K), 1 survivors (1024K)
 Metaspace       used 4396K, committed 4608K, reserved 1056768K
  class space    used 472K, committed 576K, reserved 1048576K
}
Event: 4.616 GC heap before
{Heap before GC invocations=2 (full 0):
 garbage-first heap   total 63488K, used 26951K [0x00000000c3800000, 0x0000000100000000)
  region size 1024K, 22 young (22528K), 1 survivors (1024K)
 Metaspace       used 4396K, committed 4608K, reserved 1056768K
  class space    used 472K, committed 576K, reserved 1048576K
}
Event: 4.619 GC heap after
{Heap after GC invocations=3 (full 0):
 garbage-first heap   total 63488K, used 6425K [0x00000000c3800000, 0x0000000100000000)
  region size 1024K, 1 young (1024K), 1 survivors (1024K)
 Metaspace       used 4396K, committed 4608K, reserved 1056768K
  class space    used 472K, committed 576K, reserved 1048576K
}
Event: 8.630 GC heap before
{Heap before GC invocations=3 (full 0):
 garbage-first heap   total 63488K, used 42265K [0x00000000c3800000, 0x0000000100000000)
  region size 1024K, 37 young (37888K), 1 survivors (1024K)
 Metaspace       used 9629K, committed 9792K, reserved 1064960K
  class space    used 1194K, committed 1280K, reserved 1048576K
}
Event: 8.650 GC heap after
{Heap after GC invocations=4 (full 0):
 garbage-first heap   total 63488K, used 7905K [0x00000000c3800000, 0x0000000100000000)
  region size 1024K, 2 young (2048K), 2 survivors (2048K)
 Metaspace       used 9629K, committed 9792K, reserved 1064960K
  class space    used 1194K, committed 1280K, reserved 1048576K
}
Event: 10.037 GC heap before
{Heap before GC invocations=4 (full 0):
 garbage-first heap   total 63488K, used 42721K [0x00000000c3800000, 0x0000000100000000)
  region size 1024K, 37 young (37888K), 2 survivors (2048K)
 Metaspace       used 15283K, committed 15488K, reserved 1064960K
  class space    used 1883K, committed 1984K, reserved 1048576K
}
Event: 10.044 GC heap after
{Heap after GC invocations=5 (full 0):
 garbage-first heap   total 63488K, used 9315K [0x00000000c3800000, 0x0000000100000000)
  region size 1024K, 4 young (4096K), 4 survivors (4096K)
 Metaspace       used 15283K, committed 15488K, reserved 1064960K
  class space    used 1883K, committed 1984K, reserved 1048576K
}
Event: 10.882 GC heap before
{Heap before GC invocations=5 (full 0):
 garbage-first heap   total 63488K, used 42083K [0x00000000c3800000, 0x0000000100000000)
  region size 1024K, 37 young (37888K), 4 survivors (4096K)
 Metaspace       used 16434K, committed 16640K, reserved 1064960K
  class space    used 1999K, committed 2048K, reserved 1048576K
}
Event: 10.890 GC heap after
{Heap after GC invocations=6 (full 0):
 garbage-first heap   total 63488K, used 10176K [0x00000000c3800000, 0x0000000100000000)
  region size 1024K, 3 young (3072K), 3 survivors (3072K)
 Metaspace       used 16434K, committed 16640K, reserved 1064960K
  class space    used 1999K, committed 2048K, reserved 1048576K
}
Event: 13.629 GC heap before
{Heap before GC invocations=6 (full 0):
 garbage-first heap   total 63488K, used 43968K [0x00000000c3800000, 0x0000000100000000)
  region size 1024K, 37 young (37888K), 3 survivors (3072K)
 Metaspace       used 21215K, committed 21504K, reserved 1073152K
  class space    used 2647K, committed 2816K, reserved 1048576K
}
Event: 13.638 GC heap after
{Heap after GC invocations=7 (full 0):
 garbage-first heap   total 63488K, used 12269K [0x00000000c3800000, 0x0000000100000000)
  region size 1024K, 5 young (5120K), 5 survivors (5120K)
 Metaspace       used 21215K, committed 21504K, reserved 1073152K
  class space    used 2647K, committed 2816K, reserved 1048576K
}
Event: 13.657 GC heap before
{Heap before GC invocations=7 (full 0):
 garbage-first heap   total 63488K, used 12269K [0x00000000c3800000, 0x0000000100000000)
  region size 1024K, 6 young (6144K), 5 survivors (5120K)
 Metaspace       used 21240K, committed 21504K, reserved 1073152K
  class space    used 2650K, committed 2816K, reserved 1048576K
}
Event: 13.720 GC heap after
{Heap after GC invocations=8 (full 0):
 garbage-first heap   total 63488K, used 12299K [0x00000000c3800000, 0x0000000100000000)
  region size 1024K, 3 young (3072K), 3 survivors (3072K)
 Metaspace       used 21240K, committed 21504K, reserved 1073152K
  class space    used 2650K, committed 2816K, reserved 1048576K
}

Deoptimization events (20 events):
Event: 13.268 Thread 0x000001dca4168ee0 Uncommon trap: trap_request=0xffffff45 fr.pc=0x000001dc96da3e44 relative=0x0000000000000304
Event: 13.268 Thread 0x000001dca4168ee0 Uncommon trap: reason=unstable_if action=reinterpret pc=0x000001dc96da3e44 method=org.springframework.beans.factory.support.AbstractBeanFactory.getBeanPostProcessorCache()Lorg/springframework/beans/factory/support/AbstractBeanFactory$BeanPostProcessorCach
Event: 13.268 Thread 0x000001dca4168ee0 DEOPT PACKING pc=0x000001dc96da3e44 sp=0x0000004509cfe0b0
Event: 13.268 Thread 0x000001dca4168ee0 DEOPT UNPACKING pc=0x000001dc8f2123a3 sp=0x0000004509cfdf70 mode 2
Event: 13.271 Thread 0x000001dca4168ee0 Uncommon trap: trap_request=0xffffff45 fr.pc=0x000001dc96d9e108 relative=0x0000000000000428
Event: 13.271 Thread 0x000001dca4168ee0 Uncommon trap: reason=unstable_if action=reinterpret pc=0x000001dc96d9e108 method=org.springframework.beans.factory.support.AbstractBeanFactory.getMergedLocalBeanDefinition(Ljava/lang/String;)Lorg/springframework/beans/factory/support/RootBeanDefinition; 
Event: 13.271 Thread 0x000001dca4168ee0 DEOPT PACKING pc=0x000001dc96d9e108 sp=0x0000004509cfe180
Event: 13.271 Thread 0x000001dca4168ee0 DEOPT UNPACKING pc=0x000001dc8f2123a3 sp=0x0000004509cfe138 mode 2
Event: 13.366 Thread 0x000001dca4168ee0 Uncommon trap: trap_request=0xffffff45 fr.pc=0x000001dc96da4da8 relative=0x0000000000000468
Event: 13.366 Thread 0x000001dca4168ee0 Uncommon trap: reason=unstable_if action=reinterpret pc=0x000001dc96da4da8 method=org.springframework.beans.factory.support.AbstractBeanFactory.hasInstantiationAwareBeanPostProcessors()Z @ 12 c2
Event: 13.366 Thread 0x000001dca4168ee0 DEOPT PACKING pc=0x000001dc96da4da8 sp=0x0000004509cfdf40
Event: 13.366 Thread 0x000001dca4168ee0 DEOPT UNPACKING pc=0x000001dc8f2123a3 sp=0x0000004509cfde08 mode 2
Event: 13.399 Thread 0x000001dca4168ee0 Uncommon trap: trap_request=0xffffff45 fr.pc=0x000001dc96d49000 relative=0x0000000000006180
Event: 13.399 Thread 0x000001dca4168ee0 Uncommon trap: reason=unstable_if action=reinterpret pc=0x000001dc96d49000 method=jdk.internal.org.objectweb.asm.SymbolTable.addType(Ljava/lang/String;)I @ 33 c2
Event: 13.399 Thread 0x000001dca4168ee0 DEOPT PACKING pc=0x000001dc96d49000 sp=0x0000004509cfd190
Event: 13.399 Thread 0x000001dca4168ee0 DEOPT UNPACKING pc=0x000001dc8f2123a3 sp=0x0000004509cfd0b8 mode 2
Event: 13.507 Thread 0x000001dca4168ee0 Uncommon trap: trap_request=0xffffff45 fr.pc=0x000001dc96d9f740 relative=0x0000000000000bc0
Event: 13.507 Thread 0x000001dca4168ee0 Uncommon trap: reason=unstable_if action=reinterpret pc=0x000001dc96d9f740 method=org.springframework.beans.factory.support.DefaultSingletonBeanRegistry.getSingleton(Ljava/lang/String;Z)Ljava/lang/Object; @ 20 c2
Event: 13.507 Thread 0x000001dca4168ee0 DEOPT PACKING pc=0x000001dc96d9f740 sp=0x0000004509cfcec0
Event: 13.507 Thread 0x000001dca4168ee0 DEOPT UNPACKING pc=0x000001dc8f2123a3 sp=0x0000004509cfce58 mode 2

Classes unloaded (0 events):
No events

Classes redefined (0 events):
No events

Internal exceptions (20 events):
Event: 13.483 Thread 0x000001dca4168ee0 Exception <a 'java/lang/NoClassDefFoundError'{0x00000000c567e828}: org/springframework/batch/core/repository/JobRepository> (0x00000000c567e828) 
thrown [t:\workspace\open\src\hotspot\share\classfile\systemDictionary.cpp, line 245]
Event: 13.483 Thread 0x000001dca4168ee0 Exception <a 'java/lang/NoClassDefFoundError'{0x00000000c567fa90}: org/quartz/Scheduler> (0x00000000c567fa90) 
thrown [t:\workspace\open\src\hotspot\share\classfile\systemDictionary.cpp, line 245]
Event: 13.483 Thread 0x000001dca4168ee0 Exception <a 'java/lang/NoClassDefFoundError'{0x00000000c56810a8}: org/springframework/session/jdbc/JdbcIndexedSessionRepository> (0x00000000c56810a8) 
thrown [t:\workspace\open\src\hotspot\share\classfile\systemDictionary.cpp, line 245]
Event: 13.530 Thread 0x000001dca4168ee0 Exception <a 'java/lang/NoSuchMethodError'{0x00000000c5579e40}: 'void java.lang.invoke.DirectMethodHandle$Holder.invokeSpecial(java.lang.Object, java.lang.Object, java.lang.Object, java.lang.Object, java.lang.Object, java.lang.Object)'> (0x00000000c5579e40) 
thrown [t:\workspace\open\src\hotspot\share\interpreter\linkResolver.cpp, line 766]
Event: 13.541 Thread 0x000001dca4168ee0 Exception <a 'java/lang/ClassNotFoundException'{0x00000000c55ad8c0}: java/lang/ObjectCustomizer> (0x00000000c55ad8c0) 
thrown [t:\workspace\open\src\hotspot\share\classfile\systemDictionary.cpp, line 256]
Event: 13.542 Thread 0x000001dca4168ee0 Exception <a 'java/lang/ClassNotFoundException'{0x00000000c55b50e8}: org/springframework/aop/framework/ProxyConfigCustomizer> (0x00000000c55b50e8) 
thrown [t:\workspace\open\src\hotspot\share\classfile\systemDictionary.cpp, line 256]
Event: 13.544 Thread 0x000001dca4168ee0 Exception <a 'java/lang/ClassNotFoundException'{0x00000000c55c1840}: org/springframework/aop/framework/ProxyProcessorSupportCustomizer> (0x00000000c55c1840) 
thrown [t:\workspace\open\src\hotspot\share\classfile\systemDictionary.cpp, line 256]
Event: 13.545 Thread 0x000001dca4168ee0 Exception <a 'java/lang/ClassNotFoundException'{0x00000000c55caa70}: org/springframework/aop/framework/autoproxy/AbstractAutoProxyCreatorCustomizer> (0x00000000c55caa70) 
thrown [t:\workspace\open\src\hotspot\share\classfile\systemDictionary.cpp, line 256]
Event: 13.549 Thread 0x000001dca4168ee0 Exception <a 'java/lang/ClassNotFoundException'{0x00000000c55e02b0}: org/springframework/aop/framework/autoproxy/AbstractAdvisorAutoProxyCreatorCustomizer> (0x00000000c55e02b0) 
thrown [t:\workspace\open\src\hotspot\share\classfile\systemDictionary.cpp, line 256]
Event: 13.550 Thread 0x000001dca4168ee0 Exception <a 'java/lang/ClassNotFoundException'{0x00000000c55e8fd0}: org/springframework/aop/aspectj/autoproxy/AspectJAwareAdvisorAutoProxyCreatorCustomizer> (0x00000000c55e8fd0) 
thrown [t:\workspace\open\src\hotspot\share\classfile\systemDictionary.cpp, line 256]
Event: 13.552 Thread 0x000001dca4168ee0 Exception <a 'java/lang/ClassNotFoundException'{0x00000000c55f06a0}: org/springframework/aop/aspectj/annotation/AnnotationAwareAspectJAutoProxyCreatorCustomizer> (0x00000000c55f06a0) 
thrown [t:\workspace\open\src\hotspot\share\classfile\systemDictionary.cpp, line 256]
Event: 13.554 Thread 0x000001dca4168ee0 Exception <a 'java/lang/ClassNotFoundException'{0x00000000c5209180}: org/springframework/beans/factory/config/SmartInstantiationAwareBeanPostProcessorCustomizer> (0x00000000c5209180) 
thrown [t:\workspace\open\src\hotspot\share\classfile\systemDictionary.cpp, line 256]
Event: 13.555 Thread 0x000001dca4168ee0 Exception <a 'java/lang/ClassNotFoundException'{0x00000000c5211c10}: org/springframework/beans/factory/config/InstantiationAwareBeanPostProcessorCustomizer> (0x00000000c5211c10) 
thrown [t:\workspace\open\src\hotspot\share\classfile\systemDictionary.cpp, line 256]
Event: 13.557 Thread 0x000001dca4168ee0 Exception <a 'java/lang/ClassNotFoundException'{0x00000000c5219ed8}: org/springframework/beans/factory/config/BeanPostProcessorCustomizer> (0x00000000c5219ed8) 
thrown [t:\workspace\open\src\hotspot\share\classfile\systemDictionary.cpp, line 256]
Event: 13.557 Thread 0x000001dca4168ee0 Exception <a 'java/lang/ClassNotFoundException'{0x00000000c521fbd8}: org/springframework/beans/factory/BeanFactoryAwareCustomizer> (0x00000000c521fbd8) 
thrown [t:\workspace\open\src\hotspot\share\classfile\systemDictionary.cpp, line 256]
Event: 13.558 Thread 0x000001dca4168ee0 Exception <a 'java/lang/ClassNotFoundException'{0x00000000c52257c8}: org/springframework/beans/factory/AwareCustomizer> (0x00000000c52257c8) 
thrown [t:\workspace\open\src\hotspot\share\classfile\systemDictionary.cpp, line 256]
Event: 13.559 Thread 0x000001dca4168ee0 Exception <a 'java/lang/ClassNotFoundException'{0x00000000c5229850}: org/springframework/core/OrderedCustomizer> (0x00000000c5229850) 
thrown [t:\workspace\open\src\hotspot\share\classfile\systemDictionary.cpp, line 256]
Event: 13.559 Thread 0x000001dca4168ee0 Exception <a 'java/lang/ClassNotFoundException'{0x00000000c522e950}: org/springframework/beans/factory/BeanClassLoaderAwareCustomizer> (0x00000000c522e950) 
thrown [t:\workspace\open\src\hotspot\share\classfile\systemDictionary.cpp, line 256]
Event: 13.560 Thread 0x000001dca4168ee0 Exception <a 'java/lang/ClassNotFoundException'{0x00000000c5233a80}: org/springframework/beans/factory/AwareCustomizer> (0x00000000c5233a80) 
thrown [t:\workspace\open\src\hotspot\share\classfile\systemDictionary.cpp, line 256]
Event: 13.560 Thread 0x000001dca4168ee0 Exception <a 'java/lang/ClassNotFoundException'{0x00000000c5238070}: org/springframework/aop/framework/AopInfrastructureBeanCustomizer> (0x00000000c5238070) 
thrown [t:\workspace\open\src\hotspot\share\classfile\systemDictionary.cpp, line 256]

VM Operations (20 events):
Event: 11.978 Executing VM operation: HandshakeAllThreads
Event: 11.978 Executing VM operation: HandshakeAllThreads done
Event: 11.978 Executing VM operation: Cleanup
Event: 11.978 Executing VM operation: Cleanup done
Event: 12.197 Executing VM operation: HandshakeAllThreads
Event: 12.197 Executing VM operation: HandshakeAllThreads done
Event: 13.015 Executing VM operation: ICBufferFull
Event: 13.015 Executing VM operation: ICBufferFull done
Event: 13.083 Executing VM operation: HandshakeAllThreads
Event: 13.083 Executing VM operation: HandshakeAllThreads done
Event: 13.537 Executing VM operation: HandshakeAllThreads
Event: 13.537 Executing VM operation: HandshakeAllThreads done
Event: 13.538 Executing VM operation: HandshakeAllThreads
Event: 13.538 Executing VM operation: HandshakeAllThreads done
Event: 13.601 Executing VM operation: HandshakeAllThreads
Event: 13.601 Executing VM operation: HandshakeAllThreads done
Event: 13.629 Executing VM operation: G1CollectForAllocation
Event: 13.638 Executing VM operation: G1CollectForAllocation done
Event: 13.657 Executing VM operation: CollectForMetadataAllocation
Event: 13.720 Executing VM operation: CollectForMetadataAllocation done

Events (20 events):
Event: 13.244 loading class java/util/DualPivotQuicksort
Event: 13.246 loading class java/util/DualPivotQuicksort done
Event: 13.248 loading class java/util/LinkedList$ListItr
Event: 13.249 loading class java/util/LinkedList$ListItr done
Event: 13.263 loading class jdk/internal/reflect/UnsafeStaticObjectFieldAccessorImpl
Event: 13.264 loading class jdk/internal/reflect/UnsafeStaticObjectFieldAccessorImpl done
Event: 13.366 loading class sun/reflect/generics/tree/BooleanSignature
Event: 13.366 loading class sun/reflect/generics/tree/BooleanSignature done
Event: 13.500 loading class javax/xml/ws$WebServiceRef
Event: 13.500 loading class javax/xml/ws$WebServiceRef done
Event: 13.503 loading class javax/naming/NameNotFoundException
Event: 13.503 loading class javax/naming/NameNotFoundException done
Event: 13.541 loading class java/lang/ObjectCustomizer
Event: 13.541 loading class java/lang/ObjectCustomizer done
Event: 13.541 loading class java/lang/ObjectCustomizer
Event: 13.541 loading class java/lang/ObjectCustomizer done
Event: 13.546 loading class sun/reflect/generics/reflectiveObjects/GenericArrayTypeImpl
Event: 13.546 loading class sun/reflect/generics/reflectiveObjects/GenericArrayTypeImpl done
Event: 13.724 loading class java/lang/Class$EnclosingMethodInfo
Event: 13.724 loading class java/lang/Class$EnclosingMethodInfo done


Dynamic libraries:
0x00007ff7e4d80000 - 0x00007ff7e4d8e000 	C:\Users\Dell\.jdks\openjdk-17.0.1\bin\java.exe
0x00007ffa8db70000 - 0x00007ffa8dd65000 	C:\WINDOWS\SYSTEM32\ntdll.dll
0x00007ffa8d000000 - 0x00007ffa8d0be000 	C:\WINDOWS\System32\KERNEL32.DLL
0x00007ffa8b6d0000 - 0x00007ffa8b998000 	C:\WINDOWS\System32\KERNELBASE.dll
0x00007ffa8b9d0000 - 0x00007ffa8bad0000 	C:\WINDOWS\System32\ucrtbase.dll
0x00007ffa88000000 - 0x00007ffa8801a000 	C:\Users\Dell\.jdks\openjdk-17.0.1\bin\VCRUNTIME140.dll
0x00007ffa863a0000 - 0x00007ffa863b8000 	C:\Users\Dell\.jdks\openjdk-17.0.1\bin\jli.dll
0x00007ffa8d800000 - 0x00007ffa8d9a1000 	C:\WINDOWS\System32\USER32.dll
0x00007ffa8b280000 - 0x00007ffa8b2a2000 	C:\WINDOWS\System32\win32u.dll
0x00007ffa7c8f0000 - 0x00007ffa7cb8a000 	C:\WINDOWS\WinSxS\amd64_microsoft.windows.common-controls_6595b64144ccf1df_6.0.19041.1110_none_60b5254171f9507e\COMCTL32.dll
0x00007ffa8c2c0000 - 0x00007ffa8c2eb000 	C:\WINDOWS\System32\GDI32.dll
0x00007ffa8b2b0000 - 0x00007ffa8b3bd000 	C:\WINDOWS\System32\gdi32full.dll
0x00007ffa8b580000 - 0x00007ffa8b61d000 	C:\WINDOWS\System32\msvcp_win.dll
0x00007ffa8c510000 - 0x00007ffa8c5ae000 	C:\WINDOWS\System32\msvcrt.dll
0x00007ffa8d350000 - 0x00007ffa8d380000 	C:\WINDOWS\System32\IMM32.DLL
0x00007ffa86390000 - 0x00007ffa8639c000 	C:\Users\Dell\.jdks\openjdk-17.0.1\bin\vcruntime140_1.dll
0x00007ffa75270000 - 0x00007ffa752fd000 	C:\Users\Dell\.jdks\openjdk-17.0.1\bin\msvcp140.dll
0x00007ffa5d150000 - 0x00007ffa5dd0e000 	C:\Users\Dell\.jdks\openjdk-17.0.1\bin\server\jvm.dll
0x00007ffa8c210000 - 0x00007ffa8c2be000 	C:\WINDOWS\System32\ADVAPI32.dll
0x00007ffa8c460000 - 0x00007ffa8c4fc000 	C:\WINDOWS\System32\sechost.dll
0x00007ffa8d190000 - 0x00007ffa8d2b5000 	C:\WINDOWS\System32\RPCRT4.dll
0x00007ffa8c3a0000 - 0x00007ffa8c3a8000 	C:\WINDOWS\System32\PSAPI.DLL
0x00007ffa7ae90000 - 0x00007ffa7ae99000 	C:\WINDOWS\SYSTEM32\WSOCK32.dll
0x00007ffa7cbe0000 - 0x00007ffa7cc07000 	C:\WINDOWS\SYSTEM32\WINMM.dll
0x00007ffa7cba0000 - 0x00007ffa7cbaa000 	C:\WINDOWS\SYSTEM32\VERSION.dll
0x00007ffa8d120000 - 0x00007ffa8d18b000 	C:\WINDOWS\System32\WS2_32.dll
0x00007ffa89b00000 - 0x00007ffa89b12000 	C:\WINDOWS\SYSTEM32\kernel.appcore.dll
0x00007ffa86380000 - 0x00007ffa8638a000 	C:\Users\Dell\.jdks\openjdk-17.0.1\bin\jimage.dll
0x00007ffa89810000 - 0x00007ffa899f4000 	C:\WINDOWS\SYSTEM32\DBGHELP.DLL
0x00007ffa78c40000 - 0x00007ffa78c6c000 	C:\WINDOWS\SYSTEM32\dbgcore.DLL
0x00007ffa8bad0000 - 0x00007ffa8bb52000 	C:\WINDOWS\System32\bcryptPrimitives.dll
0x00007ffa84720000 - 0x00007ffa8472e000 	C:\Users\Dell\.jdks\openjdk-17.0.1\bin\instrument.dll
0x00007ffa86330000 - 0x00007ffa86355000 	C:\Users\Dell\.jdks\openjdk-17.0.1\bin\java.dll
0x00007ffa72530000 - 0x00007ffa72606000 	C:\Users\Dell\.jdks\openjdk-17.0.1\bin\svml.dll
0x00007ffa8c680000 - 0x00007ffa8cdc4000 	C:\WINDOWS\System32\SHELL32.dll
0x00007ffa88fa0000 - 0x00007ffa89735000 	C:\WINDOWS\SYSTEM32\windows.storage.dll
0x00007ffa8bc10000 - 0x00007ffa8bf65000 	C:\WINDOWS\System32\combase.dll
0x00007ffa8ac00000 - 0x00007ffa8ac2e000 	C:\WINDOWS\SYSTEM32\Wldp.dll
0x00007ffa8c3b0000 - 0x00007ffa8c45d000 	C:\WINDOWS\System32\SHCORE.dll
0x00007ffa8cf80000 - 0x00007ffa8cfd5000 	C:\WINDOWS\System32\shlwapi.dll
0x00007ffa8b1c0000 - 0x00007ffa8b1df000 	C:\WINDOWS\SYSTEM32\profapi.dll
0x00007ffa848b0000 - 0x00007ffa848c8000 	C:\Users\Dell\.jdks\openjdk-17.0.1\bin\zip.dll
0x00007ffa862f0000 - 0x00007ffa86309000 	C:\Users\Dell\.jdks\openjdk-17.0.1\bin\net.dll
0x00007ffa7dd40000 - 0x00007ffa7de4c000 	C:\WINDOWS\SYSTEM32\WINHTTP.dll
0x00007ffa8a960000 - 0x00007ffa8a9ca000 	C:\WINDOWS\system32\mswsock.dll
0x00007ffa862d0000 - 0x00007ffa862e5000 	C:\Users\Dell\.jdks\openjdk-17.0.1\bin\nio.dll
0x00007ffa83460000 - 0x00007ffa8347a000 	C:\Program Files\JetBrains\IntelliJ IDEA Community Edition 2021.2.3\bin\breakgen64.dll
0x00007ffa86370000 - 0x00007ffa86380000 	C:\Users\Dell\.jdks\openjdk-17.0.1\bin\verify.dll
0x00007ffa848a0000 - 0x00007ffa848a9000 	C:\Users\Dell\.jdks\openjdk-17.0.1\bin\management.dll
0x00007ffa84890000 - 0x00007ffa8489b000 	C:\Users\Dell\.jdks\openjdk-17.0.1\bin\management_ext.dll
0x00007ffa74200000 - 0x00007ffa74217000 	C:\WINDOWS\system32\napinsp.dll
0x00007ffa741e0000 - 0x00007ffa741fb000 	C:\WINDOWS\system32\pnrpnsp.dll
0x00007ffa741c0000 - 0x00007ffa741d5000 	C:\WINDOWS\system32\wshbth.dll
0x00007ffa86290000 - 0x00007ffa862ad000 	C:\WINDOWS\system32\NLAapi.dll
0x00007ffa8a650000 - 0x00007ffa8a68b000 	C:\WINDOWS\SYSTEM32\IPHLPAPI.DLL
0x00007ffa8a690000 - 0x00007ffa8a75b000 	C:\WINDOWS\SYSTEM32\DNSAPI.dll
0x00007ffa8bff0000 - 0x00007ffa8bff8000 	C:\WINDOWS\System32\NSI.dll
0x00007ffa741a0000 - 0x00007ffa741b2000 	C:\WINDOWS\System32\winrnr.dll
0x00007ffa7dcb0000 - 0x00007ffa7dcba000 	C:\Windows\System32\rasadhlp.dll
0x00007ffa7dbd0000 - 0x00007ffa7dc4f000 	C:\WINDOWS\System32\fwpuclnt.dll
0x00007ffa8b9a0000 - 0x00007ffa8b9c7000 	C:\WINDOWS\System32\bcrypt.dll

dbghelp: loaded successfully - version: 4.0.5 - missing functions: none
symbol engine: initialized successfully - sym options: 0x614 - pdb path: .;C:\Users\Dell\.jdks\openjdk-17.0.1\bin;C:\WINDOWS\SYSTEM32;C:\WINDOWS\WinSxS\amd64_microsoft.windows.common-controls_6595b64144ccf1df_6.0.19041.1110_none_60b5254171f9507e;C:\Users\Dell\.jdks\openjdk-17.0.1\bin\server;C:\Program Files\JetBrains\IntelliJ IDEA Community Edition 2021.2.3\bin

VM Arguments:
jvm_args: -javaagent:C:\Program Files\JetBrains\IntelliJ IDEA Community Edition 2021.2.3\lib\idea_rt.jar=50301:C:\Program Files\JetBrains\IntelliJ IDEA Community Edition 2021.2.3\bin -Dfile.encoding=UTF-8 
java_command: com.sakshi.ToDoListApplication.ToDoListApplication
java_class_path (initial): C:\Users\Dell\Desktop\FinalProject\ToDoListApplication\target\classes;C:\Users\Dell\.m2\repository\org\springframework\boot\spring-boot-starter-data-jpa\2.6.3\spring-boot-starter-data-jpa-2.6.3.jar;C:\Users\Dell\.m2\repository\org\springframework\boot\spring-boot-starter-aop\2.6.3\spring-boot-starter-aop-2.6.3.jar;C:\Users\Dell\.m2\repository\org\springframework\spring-aop\5.3.15\spring-aop-5.3.15.jar;C:\Users\Dell\.m2\repository\org\aspectj\aspectjweaver\1.9.7\aspectjweaver-1.9.7.jar;C:\Users\Dell\.m2\repository\org\springframework\boot\spring-boot-starter-jdbc\2.6.3\spring-boot-starter-jdbc-2.6.3.jar;C:\Users\Dell\.m2\repository\com\zaxxer\HikariCP\4.0.3\HikariCP-4.0.3.jar;C:\Users\Dell\.m2\repository\org\springframework\spring-jdbc\5.3.15\spring-jdbc-5.3.15.jar;C:\Users\Dell\.m2\repository\jakarta\transaction\jakarta.transaction-api\1.3.3\jakarta.transaction-api-1.3.3.jar;C:\Users\Dell\.m2\repository\jakarta\persistence\jakarta.persistence-api\2.2.3\jakarta.persistence-api-2.2.3.jar;C:\Users\Dell\.m2\repository\org\hibernate\hibernate-core\5.6.4.Final\hibernate-core-5.6.4.Final.jar;C:\Users\Dell\.m2\repository\org\jboss\logging\jboss-logging\3.4.3.Final\jboss-logging-3.4.3.Final.jar;C:\Users\Dell\.m2\repository\net\bytebuddy\byte-buddy\1.11.22\byte-buddy-1.11.22.jar;C:\Users\Dell\.m2\repository\antlr\antlr\2.7.7\antlr-2.7.7.jar;C:\Users\Dell\.m2\repository\org\jboss\jandex\2.4.2.Final\jandex-2.4.2.Final.jar;C:\Users\Dell\.m2\repository\com\fasterxml\classmate\1.5.1\classmate-1.5.1.jar;C:\Users\Dell\.m2\repository\org\hibernate\common\hibernate-commons-annotations\5.1.2.Final\hibernate-commons-annotations-5.1.2.Final.jar;C:\Users\Dell\.m2\repository\org\glassfish\jaxb\jaxb-runtime\2.3.5\jaxb-runtime-2.3.5.jar;C:\Users\Dell\.m2\repository\org\glassfish\jaxb\txw2\2.3.5\txw2-2.3.5.jar;C:\Users\Dell\.m2\repository\com\sun\istack\istack-commons-runtime\3.0.12\istack-commons-runtime-3.0.12.jar;C:\Users\Dell\.m2\repository\com\sun\activation\
Launcher Type: SUN_STANDARD

[Global flags]
     intx CICompilerCount                          = 3                                         {product} {ergonomic}
     uint ConcGCThreads                            = 1                                         {product} {ergonomic}
     uint G1ConcRefinementThreads                  = 4                                         {product} {ergonomic}
   size_t G1HeapRegionSize                         = 1048576                                   {product} {ergonomic}
    uintx GCDrainStackTargetSize                   = 64                                        {product} {ergonomic}
   size_t InitialHeapSize                          = 65011712                                  {product} {ergonomic}
   size_t MarkStackSize                            = 4194304                                   {product} {ergonomic}
   size_t MaxHeapSize                              = 1015021568                                {product} {ergonomic}
   size_t MaxNewSize                               = 608174080                                 {product} {ergonomic}
   size_t MinHeapDeltaBytes                        = 1048576                                   {product} {ergonomic}
   size_t MinHeapSize                              = 8388608                                   {product} {ergonomic}
    uintx NonNMethodCodeHeapSize                   = 5832780                                {pd product} {ergonomic}
    uintx NonProfiledCodeHeapSize                  = 122912730                              {pd product} {ergonomic}
    uintx ProfiledCodeHeapSize                     = 122912730                              {pd product} {ergonomic}
    uintx ReservedCodeCacheSize                    = 251658240                              {pd product} {ergonomic}
     bool SegmentedCodeCache                       = true                                      {product} {ergonomic}
   size_t SoftMaxHeapSize                          = 1015021568                             {manageable} {ergonomic}
     bool UseCompressedClassPointers               = true                           {product lp64_product} {ergonomic}
     bool UseCompressedOops                        = true                           {product lp64_product} {ergonomic}
     bool UseG1GC                                  = true                                      {product} {ergonomic}
     bool UseLargePagesIndividualAllocation        = false                                  {pd product} {ergonomic}

Logging:
Log output configuration:
 #0: stdout all=warning uptime,level,tags
 #1: stderr all=off uptime,level,tags

Environment Variables:
PATH=C:\Program Files (x86)\VMware\VMware Workstation\bin\;C:\WINDOWS\system32;C:\WINDOWS;C:\WINDOWS\System32\Wbem;C:\WINDOWS\System32\WindowsPowerShell\v1.0\;C:\WINDOWS\System32\OpenSSH\;C:\Program Files\PuTTY\;C:\Program Files\Git\cmd;C:\Program Files\MySQL\MySQL Shell 8.0\bin\;C:\Python\Python38-32\Scripts\;C:\Python\Python38-32\;C:\Users\Dell\AppData\Local\Microsoft\WindowsApps;;C:\Users\Dell\Documents\bin;C:\Program Files\JetBrains\IntelliJ IDEA Community Edition 2021.2.3\bin;
USERNAME=Dell
OS=Windows_NT
PROCESSOR_IDENTIFIER=Intel64 Family 6 Model 78 Stepping 3, GenuineIntel



---------------  S Y S T E M  ---------------

OS:
 Windows 10 , 64 bit Build 19041 (10.0.19041.1466)
OS uptime: 0 days 11:58 hours

CPU: total 4 (initial active 4) (2 cores per cpu, 2 threads per core) family 6 model 78 stepping 3 microcode 0xcc, cx8, cmov, fxsr, ht, mmx, 3dnowpref, sse, sse2, sse3, ssse3, sse4.1, sse4.2, popcnt, lzcnt, tsc, tscinvbit, avx, avx2, aes, erms, clmul, bmi1, bmi2, adx, fma, vzeroupper, clflush, clflushopt

Memory: 4k page, system-wide physical 3865M (329M free)
TotalPageFile size 12057M (AvailPageFile size 21M)
current process WorkingSet (physical memory assigned to process): 123M, peak: 137M
current process commit charge ("private bytes"): 168M, peak: 185M

vm_info: OpenJDK 64-Bit Server VM (17.0.1+12-39) for windows-amd64 JRE (17.0.1+12-39), built on Sep 27 2021 18:39:29 by "mach5one" with MS VC++ 16.8 (VS2019)

END.
